<?xml version="1.0" encoding="UTF-8"?>
<testsuite xmlns:xsi="http://www.w3.org/2001/XMLSchema-instance" xsi:noNamespaceSchemaLocation="https://maven.apache.org/surefire/maven-surefire-plugin/xsd/surefire-test-report-3.0.xsd" version="3.0" name="com.littleturtle.mathutil.core.MathUtilTest" time="0.307" tests="5" errors="0" skipped="0" failures="0">
  <properties>
[...]
</properties>
  <testcase name="testGetFactorialGivenRightArgReturnWell(int, long)[1]" classname="com.littleturtle.mathutil.core.MathUtilTest" time="0.138"/>
  <testcase name="testGetFactorialGivenRightArgReturnWell(int, long)[2]" classname="com.littleturtle.mathutil.core.MathUtilTest" time="0.004"/>
  <testcase name="testGetFactorialGivenRightArgReturnWell(int, long)[3]" classname="com.littleturtle.mathutil.core.MathUtilTest" time="0.003"/>
  <testcase name="testGetFactorialGivenRightArgReturnWell(int, long)[4]" classname="com.littleturtle.mathutil.core.MathUtilTest" time="0.004"/>
  <testcase name="testGetFactorialGivenWrongArgThrowException" classname="com.littleturtle.mathutil.core.MathUtilTest" time="0.006"/>
</testsuite>